-------------------------------------------------------------------------------
Test set: de.jensknipper.diexamples.none.calculator.CalculatorTest
-------------------------------------------------------------------------------
Tests run: 1, Failures: 1, Errors: 0, Skipped: 0, Time elapsed: 0.021 s <<< FAILURE! - in de.jensknipper.diexamples.none.calculator.CalculatorTest
de.jensknipper.diexamples.none.calculator.CalculatorTest.calculatorShouldUseOperatorToCalculate  Time elapsed: 0.012 s  <<< FAILURE!
org.opentest4j.AssertionFailedError: expected: <5> but was: <6>
	at de.jensknipper.diexamples.none.calculator.CalculatorTest.calculatorShouldUseOperatorToCalculate(CalculatorTest.java:18)

